mode: atomic
github.com/bianyuanop/oraclevm/consts/consts.go:22.13,26.16 4 0
github.com/bianyuanop/oraclevm/consts/consts.go:26.16,27.13 1 0
github.com/bianyuanop/oraclevm/consts/consts.go:29.2,29.11 1 0
github.com/bianyuanop/oraclevm/vm/client.go:29.50,34.2 4 0
github.com/bianyuanop/oraclevm/vm/client.go:36.89,37.18 1 0
github.com/bianyuanop/oraclevm/vm/client.go:37.18,39.3 1 0
github.com/bianyuanop/oraclevm/vm/client.go:41.2,48.16 3 0
github.com/bianyuanop/oraclevm/vm/client.go:48.16,50.3 1 0
github.com/bianyuanop/oraclevm/vm/client.go:51.2,52.26 2 0
github.com/bianyuanop/oraclevm/vm/client.go:55.92,66.2 3 0
github.com/bianyuanop/oraclevm/vm/client.go:72.9,73.89 1 0
github.com/bianyuanop/oraclevm/vm/client.go:73.89,75.17 2 0
github.com/bianyuanop/oraclevm/vm/client.go:75.17,77.4 1 0
github.com/bianyuanop/oraclevm/vm/client.go:78.3,79.18 2 0
github.com/bianyuanop/oraclevm/vm/client.go:79.18,85.4 1 0
github.com/bianyuanop/oraclevm/vm/client.go:86.3,86.25 1 0
github.com/bianyuanop/oraclevm/vm/client.go:90.77,92.16 2 0
github.com/bianyuanop/oraclevm/vm/client.go:92.16,94.3 1 0
github.com/bianyuanop/oraclevm/vm/client.go:95.2,95.26 1 0
github.com/bianyuanop/oraclevm/vm/client.go:104.45,106.2 1 0
github.com/bianyuanop/oraclevm/vm/client.go:108.62,110.2 1 0
github.com/bianyuanop/oraclevm/vm/client.go:112.61,114.2 1 0
github.com/bianyuanop/oraclevm/vm/client.go:116.58,118.2 1 0
github.com/bianyuanop/oraclevm/vm/client.go:120.62,122.2 1 0
github.com/bianyuanop/oraclevm/vm/client.go:125.62,127.63 2 0
github.com/bianyuanop/oraclevm/vm/client.go:127.63,129.3 1 0
github.com/bianyuanop/oraclevm/vm/client.go:130.2,130.33 1 0
github.com/bianyuanop/oraclevm/vm/option.go:17.32,21.2 1 0
github.com/bianyuanop/oraclevm/vm/option.go:23.23,24.99 1 0
github.com/bianyuanop/oraclevm/vm/option.go:24.99,25.22 1 0
github.com/bianyuanop/oraclevm/vm/option.go:25.22,27.4 1 0
github.com/bianyuanop/oraclevm/vm/option.go:28.3,28.52 1 0
github.com/bianyuanop/oraclevm/vm/server.go:22.65,28.2 2 0
github.com/bianyuanop/oraclevm/vm/server.go:34.49,36.2 1 0
github.com/bianyuanop/oraclevm/vm/server.go:42.96,45.2 2 0
github.com/bianyuanop/oraclevm/vm/server.go:55.98,60.16 4 0
github.com/bianyuanop/oraclevm/vm/server.go:60.16,62.3 1 0
github.com/bianyuanop/oraclevm/vm/server.go:63.2,64.12 2 0
github.com/bianyuanop/oraclevm/vm/vm.go:30.13,53.20 8 0
github.com/bianyuanop/oraclevm/vm/vm.go:53.20,54.18 1 0
github.com/bianyuanop/oraclevm/vm/vm.go:59.48,72.2 2 0
github.com/bianyuanop/oraclevm/common/types.go:15.53,18.2 2 0
github.com/bianyuanop/oraclevm/common/types.go:20.64,23.20 3 0
github.com/bianyuanop/oraclevm/common/types.go:23.20,25.3 1 0
github.com/bianyuanop/oraclevm/common/types.go:26.2,26.18 1 0
github.com/bianyuanop/oraclevm/common/types.go:39.35,41.2 1 0
github.com/bianyuanop/oraclevm/common/types.go:44.94,45.61 1 0
github.com/bianyuanop/oraclevm/common/types.go:45.61,47.3 1 0
github.com/bianyuanop/oraclevm/common/types.go:47.5,49.3 1 0
github.com/bianyuanop/oraclevm/common/types.go:51.2,54.22 3 0
github.com/bianyuanop/oraclevm/common/types.go:54.22,56.3 1 0
github.com/bianyuanop/oraclevm/common/types.go:57.2,58.12 2 0
github.com/bianyuanop/oraclevm/common/types.go:61.47,69.35 8 0
github.com/bianyuanop/oraclevm/common/types.go:69.35,70.43 1 0
github.com/bianyuanop/oraclevm/common/types.go:70.43,72.4 1 0
github.com/bianyuanop/oraclevm/common/types.go:75.2,75.27 1 0
github.com/bianyuanop/oraclevm/common/types.go:78.57,86.39 8 0
github.com/bianyuanop/oraclevm/common/types.go:86.39,88.17 2 0
github.com/bianyuanop/oraclevm/common/types.go:88.17,90.4 1 0
github.com/bianyuanop/oraclevm/common/types.go:91.3,91.36 1 0
github.com/bianyuanop/oraclevm/common/types.go:94.2,94.20 1 0
github.com/bianyuanop/oraclevm/common/types.go:94.20,96.3 1 0
github.com/bianyuanop/oraclevm/common/types.go:98.2,104.8 1 0
github.com/bianyuanop/oraclevm/common/types.go:113.52,117.20 4 0
github.com/bianyuanop/oraclevm/common/types.go:117.20,119.3 1 0
github.com/bianyuanop/oraclevm/common/types.go:120.2,120.12 1 0
github.com/bianyuanop/oraclevm/common/types.go:123.62,128.32 5 0
github.com/bianyuanop/oraclevm/common/types.go:128.32,130.3 1 0
github.com/bianyuanop/oraclevm/common/types.go:131.2,131.17 1 0
github.com/bianyuanop/oraclevm/common/types.go:134.65,137.27 3 0
github.com/bianyuanop/oraclevm/common/types.go:137.27,138.38 1 0
github.com/bianyuanop/oraclevm/common/types.go:138.38,140.4 1 0
github.com/bianyuanop/oraclevm/common/types.go:142.2,142.32 1 0
github.com/bianyuanop/oraclevm/common/types.go:142.32,144.3 1 0
github.com/bianyuanop/oraclevm/common/types.go:145.2,145.23 1 0
github.com/bianyuanop/oraclevm/common/types.go:148.64,151.32 3 0
github.com/bianyuanop/oraclevm/common/types.go:151.32,153.3 1 0
github.com/bianyuanop/oraclevm/common/types.go:155.2,156.38 2 0
github.com/bianyuanop/oraclevm/common/types.go:156.38,158.17 2 0
github.com/bianyuanop/oraclevm/common/types.go:158.17,160.4 1 0
github.com/bianyuanop/oraclevm/common/types.go:161.3,161.26 1 0
github.com/bianyuanop/oraclevm/common/types.go:163.2,163.17 1 0
github.com/bianyuanop/oraclevm/common/utils.go:8.61,11.29 3 0
github.com/bianyuanop/oraclevm/common/utils.go:11.29,13.3 1 0
github.com/bianyuanop/oraclevm/common/utils.go:15.2,15.27 1 0
github.com/bianyuanop/oraclevm/common/utils.go:18.59,22.37 4 0
github.com/bianyuanop/oraclevm/common/utils.go:22.37,26.3 3 0
github.com/bianyuanop/oraclevm/common/utils.go:28.2,28.21 1 0
github.com/bianyuanop/oraclevm/throughput/helper.go:37.65,39.16 2 0
github.com/bianyuanop/oraclevm/throughput/helper.go:39.16,41.3 1 0
github.com/bianyuanop/oraclevm/throughput/helper.go:43.2,44.16 2 0
github.com/bianyuanop/oraclevm/throughput/helper.go:47.54,50.16 3 0
github.com/bianyuanop/oraclevm/throughput/helper.go:50.16,52.3 1 0
github.com/bianyuanop/oraclevm/throughput/helper.go:53.2,54.12 2 0
github.com/bianyuanop/oraclevm/throughput/helper.go:57.76,59.2 1 0
github.com/bianyuanop/oraclevm/throughput/helper.go:61.76,63.16 2 0
github.com/bianyuanop/oraclevm/throughput/helper.go:63.16,65.3 1 0
github.com/bianyuanop/oraclevm/throughput/helper.go:67.2,67.21 1 0
github.com/bianyuanop/oraclevm/throughput/helper.go:70.98,76.2 1 0
github.com/bianyuanop/oraclevm/throughput/helper.go:78.51,82.2 2 0
github.com/bianyuanop/oraclevm/throughput/helper.go:84.44,86.2 1 0
github.com/bianyuanop/oraclevm/programs/binary_aggregator.go:18.36,22.2 1 0
github.com/bianyuanop/oraclevm/programs/binary_aggregator.go:24.51,25.19 1 0
github.com/bianyuanop/oraclevm/programs/binary_aggregator.go:25.19,27.3 1 0
github.com/bianyuanop/oraclevm/programs/binary_aggregator.go:29.2,31.12 3 0
github.com/bianyuanop/oraclevm/programs/binary_aggregator.go:34.49,38.2 3 0
github.com/bianyuanop/oraclevm/programs/binary_aggregator.go:40.75,42.9 2 0
github.com/bianyuanop/oraclevm/programs/binary_aggregator.go:42.9,44.3 1 0
github.com/bianyuanop/oraclevm/programs/binary_aggregator.go:45.2,45.26 1 0
github.com/bianyuanop/oraclevm/programs/binary_aggregator.go:45.26,47.3 1 0
github.com/bianyuanop/oraclevm/programs/binary_aggregator.go:49.2,49.21 1 0
github.com/bianyuanop/oraclevm/programs/binary_aggregator.go:60.46,66.2 1 0
github.com/bianyuanop/oraclevm/programs/binary_aggregator.go:68.71,70.16 2 0
github.com/bianyuanop/oraclevm/programs/binary_aggregator.go:70.16,72.3 1 0
github.com/bianyuanop/oraclevm/programs/binary_aggregator.go:74.2,75.12 2 0
github.com/bianyuanop/oraclevm/programs/binary_aggregator.go:78.50,79.27 1 0
github.com/bianyuanop/oraclevm/programs/binary_aggregator.go:79.27,81.3 1 0
github.com/bianyuanop/oraclevm/programs/binary_aggregator.go:83.2,84.37 2 0
github.com/bianyuanop/oraclevm/programs/binary_aggregator.go:84.37,86.3 1 0
github.com/bianyuanop/oraclevm/programs/binary_aggregator.go:88.2,91.12 4 0
github.com/bianyuanop/oraclevm/programs/binary_aggregator.go:91.12,92.43 1 0
github.com/bianyuanop/oraclevm/programs/binary_aggregator.go:92.43,96.4 2 0
github.com/bianyuanop/oraclevm/programs/binary_aggregator.go:99.2,101.34 3 0
github.com/bianyuanop/oraclevm/programs/binary_aggregator.go:101.34,102.27 1 0
github.com/bianyuanop/oraclevm/programs/binary_aggregator.go:102.27,105.4 2 0
github.com/bianyuanop/oraclevm/programs/binary_aggregator.go:108.2,110.3 1 0
github.com/bianyuanop/oraclevm/programs/binary_aggregator.go:113.55,115.2 1 0
github.com/bianyuanop/oraclevm/programs/binary_aggregator.go:117.77,119.16 2 0
github.com/bianyuanop/oraclevm/programs/binary_aggregator.go:119.16,121.3 1 0
github.com/bianyuanop/oraclevm/programs/binary_aggregator.go:123.2,123.72 1 0
github.com/bianyuanop/oraclevm/programs/binary_aggregator.go:126.49,128.2 1 0
github.com/bianyuanop/oraclevm/programs/program.go:12.73,13.19 1 0
github.com/bianyuanop/oraclevm/programs/program.go:14.33,16.43 2 0
github.com/bianyuanop/oraclevm/programs/program.go:16.43,18.4 1 0
github.com/bianyuanop/oraclevm/programs/program.go:19.3,19.19 1 0
github.com/bianyuanop/oraclevm/programs/program.go:20.10,21.59 1 0
github.com/bianyuanop/oraclevm/programs/program.go:35.58,36.19 1 0
github.com/bianyuanop/oraclevm/programs/program.go:37.33,38.36 1 0
github.com/bianyuanop/oraclevm/programs/program.go:39.10,40.59 1 0
github.com/bianyuanop/oraclevm/common/types.go:15.53,18.2 2 0
github.com/bianyuanop/oraclevm/common/types.go:20.64,23.20 3 0
github.com/bianyuanop/oraclevm/common/types.go:23.20,25.3 1 0
github.com/bianyuanop/oraclevm/common/types.go:26.2,26.18 1 0
github.com/bianyuanop/oraclevm/common/types.go:39.35,41.2 1 0
github.com/bianyuanop/oraclevm/common/types.go:44.94,45.61 1 0
github.com/bianyuanop/oraclevm/common/types.go:45.61,47.3 1 0
github.com/bianyuanop/oraclevm/common/types.go:47.5,49.3 1 0
github.com/bianyuanop/oraclevm/common/types.go:51.2,54.22 3 0
github.com/bianyuanop/oraclevm/common/types.go:54.22,56.3 1 0
github.com/bianyuanop/oraclevm/common/types.go:57.2,58.12 2 0
github.com/bianyuanop/oraclevm/common/types.go:61.47,69.35 8 0
github.com/bianyuanop/oraclevm/common/types.go:69.35,70.43 1 0
github.com/bianyuanop/oraclevm/common/types.go:70.43,72.4 1 0
github.com/bianyuanop/oraclevm/common/types.go:75.2,75.27 1 0
github.com/bianyuanop/oraclevm/common/types.go:78.57,86.39 8 0
github.com/bianyuanop/oraclevm/common/types.go:86.39,88.17 2 0
github.com/bianyuanop/oraclevm/common/types.go:88.17,90.4 1 0
github.com/bianyuanop/oraclevm/common/types.go:91.3,91.36 1 0
github.com/bianyuanop/oraclevm/common/types.go:94.2,94.20 1 0
github.com/bianyuanop/oraclevm/common/types.go:94.20,96.3 1 0
github.com/bianyuanop/oraclevm/common/types.go:98.2,104.8 1 0
github.com/bianyuanop/oraclevm/common/types.go:113.52,117.20 4 0
github.com/bianyuanop/oraclevm/common/types.go:117.20,119.3 1 0
github.com/bianyuanop/oraclevm/common/types.go:120.2,120.12 1 0
github.com/bianyuanop/oraclevm/common/types.go:123.62,128.32 5 0
github.com/bianyuanop/oraclevm/common/types.go:128.32,130.3 1 0
github.com/bianyuanop/oraclevm/common/types.go:131.2,131.17 1 0
github.com/bianyuanop/oraclevm/common/types.go:134.65,137.27 3 0
github.com/bianyuanop/oraclevm/common/types.go:137.27,138.38 1 0
github.com/bianyuanop/oraclevm/common/types.go:138.38,140.4 1 0
github.com/bianyuanop/oraclevm/common/types.go:142.2,142.32 1 0
github.com/bianyuanop/oraclevm/common/types.go:142.32,144.3 1 0
github.com/bianyuanop/oraclevm/common/types.go:145.2,145.23 1 0
github.com/bianyuanop/oraclevm/common/types.go:148.64,151.32 3 0
github.com/bianyuanop/oraclevm/common/types.go:151.32,153.3 1 0
github.com/bianyuanop/oraclevm/common/types.go:155.2,156.38 2 0
github.com/bianyuanop/oraclevm/common/types.go:156.38,158.17 2 0
github.com/bianyuanop/oraclevm/common/types.go:158.17,160.4 1 0
github.com/bianyuanop/oraclevm/common/types.go:161.3,161.26 1 0
github.com/bianyuanop/oraclevm/common/types.go:163.2,163.17 1 0
github.com/bianyuanop/oraclevm/common/utils.go:8.61,11.29 3 0
github.com/bianyuanop/oraclevm/common/utils.go:11.29,13.3 1 0
github.com/bianyuanop/oraclevm/common/utils.go:15.2,15.27 1 0
github.com/bianyuanop/oraclevm/common/utils.go:18.59,22.37 4 0
github.com/bianyuanop/oraclevm/common/utils.go:22.37,26.3 3 0
github.com/bianyuanop/oraclevm/common/utils.go:28.2,28.21 1 0
github.com/bianyuanop/oraclevm/consts/consts.go:22.13,26.16 4 1
github.com/bianyuanop/oraclevm/consts/consts.go:26.16,27.13 1 0
github.com/bianyuanop/oraclevm/consts/consts.go:29.2,29.11 1 1
github.com/bianyuanop/oraclevm/storage/state_manager.go:18.72,22.2 1 4
github.com/bianyuanop/oraclevm/storage/state_manager.go:29.9,31.16 2 2
github.com/bianyuanop/oraclevm/storage/state_manager.go:31.16,33.3 1 0
github.com/bianyuanop/oraclevm/storage/state_manager.go:34.2,34.18 1 2
github.com/bianyuanop/oraclevm/storage/state_manager.go:34.18,36.3 1 1
github.com/bianyuanop/oraclevm/storage/state_manager.go:37.2,37.12 1 1
github.com/bianyuanop/oraclevm/storage/state_manager.go:45.9,48.2 2 2
github.com/bianyuanop/oraclevm/storage/state_manager.go:55.9,58.2 2 9
github.com/bianyuanop/oraclevm/storage/state_manager.go:60.112,62.2 1 8
github.com/bianyuanop/oraclevm/storage/storage.go:29.25,30.42 1 0
github.com/bianyuanop/oraclevm/storage/storage.go:30.42,32.3 1 0
github.com/bianyuanop/oraclevm/storage/storage.go:33.2,33.16 1 0
github.com/bianyuanop/oraclevm/storage/storage.go:33.16,35.3 1 0
github.com/bianyuanop/oraclevm/storage/storage.go:36.2,36.21 1 0
github.com/bianyuanop/oraclevm/storage/storage.go:54.48,60.2 5 25
github.com/bianyuanop/oraclevm/storage/storage.go:67.19,70.2 2 10
github.com/bianyuanop/oraclevm/storage/storage.go:76.33,80.2 3 21
github.com/bianyuanop/oraclevm/storage/storage.go:87.19,92.2 4 0
github.com/bianyuanop/oraclevm/storage/storage.go:97.25,98.42 1 21
github.com/bianyuanop/oraclevm/storage/storage.go:98.42,100.3 1 9
github.com/bianyuanop/oraclevm/storage/storage.go:101.2,101.16 1 12
github.com/bianyuanop/oraclevm/storage/storage.go:101.16,103.3 1 0
github.com/bianyuanop/oraclevm/storage/storage.go:104.2,105.16 2 12
github.com/bianyuanop/oraclevm/storage/storage.go:105.16,107.3 1 0
github.com/bianyuanop/oraclevm/storage/storage.go:108.2,108.23 1 12
github.com/bianyuanop/oraclevm/storage/storage.go:116.9,119.2 2 0
github.com/bianyuanop/oraclevm/storage/storage.go:126.9,128.2 1 8
github.com/bianyuanop/oraclevm/storage/storage.go:135.19,137.16 2 9
github.com/bianyuanop/oraclevm/storage/storage.go:137.16,139.3 1 0
github.com/bianyuanop/oraclevm/storage/storage.go:140.2,141.16 2 9
github.com/bianyuanop/oraclevm/storage/storage.go:141.16,149.3 1 1
github.com/bianyuanop/oraclevm/storage/storage.go:150.2,150.45 1 8
github.com/bianyuanop/oraclevm/storage/storage.go:158.19,160.9 2 2
github.com/bianyuanop/oraclevm/storage/storage.go:160.9,162.3 1 0
github.com/bianyuanop/oraclevm/storage/storage.go:163.2,163.16 1 2
github.com/bianyuanop/oraclevm/storage/storage.go:163.16,165.3 1 0
github.com/bianyuanop/oraclevm/storage/storage.go:166.2,167.16 2 2
github.com/bianyuanop/oraclevm/storage/storage.go:167.16,175.3 1 1
github.com/bianyuanop/oraclevm/storage/storage.go:176.2,176.15 1 1
github.com/bianyuanop/oraclevm/storage/storage.go:176.15,180.3 1 1
github.com/bianyuanop/oraclevm/storage/storage.go:181.2,181.45 1 0
github.com/bianyuanop/oraclevm/storage/storage.go:189.29,194.2 4 0
github.com/bianyuanop/oraclevm/storage/storage.go:200.19,203.2 2 0
github.com/bianyuanop/oraclevm/storage/storage.go:208.33,212.2 3 0
github.com/bianyuanop/oraclevm/storage/storage.go:219.19,224.2 4 0
github.com/bianyuanop/oraclevm/storage/storage.go:229.25,230.42 1 0
github.com/bianyuanop/oraclevm/storage/storage.go:230.42,232.3 1 0
github.com/bianyuanop/oraclevm/storage/storage.go:233.2,233.16 1 0
github.com/bianyuanop/oraclevm/storage/storage.go:233.16,235.3 1 0
github.com/bianyuanop/oraclevm/storage/storage.go:236.2,237.16 2 0
github.com/bianyuanop/oraclevm/storage/storage.go:237.16,239.3 1 0
github.com/bianyuanop/oraclevm/storage/storage.go:240.2,240.23 1 0
github.com/bianyuanop/oraclevm/storage/storage.go:246.9,249.16 3 0
github.com/bianyuanop/oraclevm/storage/storage.go:249.16,251.3 1 0
github.com/bianyuanop/oraclevm/storage/storage.go:252.2,252.13 1 0
github.com/bianyuanop/oraclevm/storage/storage.go:252.13,254.3 1 0
github.com/bianyuanop/oraclevm/storage/storage.go:255.2,255.45 1 0
github.com/bianyuanop/oraclevm/storage/storage.go:263.9,266.2 2 0
github.com/bianyuanop/oraclevm/storage/storage.go:273.9,275.2 1 0
github.com/bianyuanop/oraclevm/storage/storage.go:282.40,288.2 5 0
github.com/bianyuanop/oraclevm/storage/storage.go:295.19,298.2 2 0
github.com/bianyuanop/oraclevm/storage/storage.go:305.19,309.2 3 0
github.com/bianyuanop/oraclevm/storage/storage.go:314.19,315.42 1 0
github.com/bianyuanop/oraclevm/storage/storage.go:315.42,317.3 1 0
github.com/bianyuanop/oraclevm/storage/storage.go:318.2,318.16 1 0
github.com/bianyuanop/oraclevm/storage/storage.go:318.16,320.3 1 0
github.com/bianyuanop/oraclevm/storage/storage.go:321.2,321.15 1 0
github.com/bianyuanop/oraclevm/storage/storage.go:330.9,333.2 2 0
github.com/bianyuanop/oraclevm/storage/storage.go:340.9,342.2 1 0
github.com/bianyuanop/oraclevm/storage/storage.go:349.45,355.2 5 0
github.com/bianyuanop/oraclevm/storage/storage.go:361.30,364.16 3 0
github.com/bianyuanop/oraclevm/storage/storage.go:364.16,366.3 1 0
github.com/bianyuanop/oraclevm/storage/storage.go:366.8,366.20 1 0
github.com/bianyuanop/oraclevm/storage/storage.go:366.20,368.3 1 0
github.com/bianyuanop/oraclevm/storage/storage.go:370.2,370.41 1 0
github.com/bianyuanop/oraclevm/storage/storage.go:378.9,381.16 3 0
github.com/bianyuanop/oraclevm/storage/storage.go:381.16,383.3 1 0
github.com/bianyuanop/oraclevm/storage/storage.go:384.2,384.29 1 0
github.com/bianyuanop/oraclevm/storage/storage.go:391.30,395.16 4 0
github.com/bianyuanop/oraclevm/storage/storage.go:395.16,397.3 1 0
github.com/bianyuanop/oraclevm/storage/storage.go:397.8,397.20 1 0
github.com/bianyuanop/oraclevm/storage/storage.go:397.20,399.3 1 0
github.com/bianyuanop/oraclevm/storage/storage.go:400.2,400.41 1 0
github.com/bianyuanop/oraclevm/storage/storage.go:408.61,415.2 6 0
github.com/bianyuanop/oraclevm/storage/storage.go:422.28,425.47 3 0
github.com/bianyuanop/oraclevm/storage/storage.go:425.47,427.3 1 0
github.com/bianyuanop/oraclevm/storage/storage.go:427.8,427.20 1 0
github.com/bianyuanop/oraclevm/storage/storage.go:427.20,429.3 1 0
github.com/bianyuanop/oraclevm/storage/storage.go:430.2,430.38 1 0
github.com/bianyuanop/oraclevm/storage/storage.go:439.9,442.16 3 0
github.com/bianyuanop/oraclevm/storage/storage.go:442.16,444.3 1 0
github.com/bianyuanop/oraclevm/storage/storage.go:445.2,445.33 1 0
github.com/bianyuanop/oraclevm/storage/storage.go:453.28,457.47 4 0
github.com/bianyuanop/oraclevm/storage/storage.go:457.47,459.3 1 0
github.com/bianyuanop/oraclevm/storage/storage.go:459.8,459.20 1 0
github.com/bianyuanop/oraclevm/storage/storage.go:459.20,461.3 1 0
github.com/bianyuanop/oraclevm/storage/storage.go:463.2,463.38 1 0
github.com/bianyuanop/oraclevm/storage/storage.go:471.76,479.2 7 0
github.com/bianyuanop/oraclevm/storage/storage.go:487.19,490.13 3 0
github.com/bianyuanop/oraclevm/storage/storage.go:490.13,492.3 1 0
github.com/bianyuanop/oraclevm/storage/storage.go:493.2,493.19 1 0
github.com/bianyuanop/oraclevm/storage/storage.go:503.9,506.2 2 0
github.com/bianyuanop/oraclevm/storage/storage.go:514.19,519.2 4 0
github.com/bianyuanop/oraclevm/storage/storage.go:526.60,533.2 6 0
github.com/bianyuanop/oraclevm/storage/storage.go:540.19,543.13 3 0
github.com/bianyuanop/oraclevm/storage/storage.go:543.13,545.3 1 0
github.com/bianyuanop/oraclevm/storage/storage.go:546.2,546.19 1 0
github.com/bianyuanop/oraclevm/storage/storage.go:555.9,558.2 2 0
github.com/bianyuanop/oraclevm/storage/storage.go:565.19,570.2 4 0
github.com/bianyuanop/oraclevm/storage/storage.go:577.70,584.2 6 0
github.com/bianyuanop/oraclevm/storage/storage.go:591.19,595.2 3 0
github.com/bianyuanop/oraclevm/storage/storage.go:603.9,606.2 2 0
github.com/bianyuanop/oraclevm/storage/storage.go:613.19,616.16 3 0
github.com/bianyuanop/oraclevm/storage/storage.go:616.16,618.3 1 0
github.com/bianyuanop/oraclevm/storage/storage.go:619.2,619.43 1 0
github.com/bianyuanop/oraclevm/storage/storage.go:627.19,632.2 4 0
github.com/bianyuanop/oraclevm/storage/storage.go:639.51,645.2 5 0
github.com/bianyuanop/oraclevm/storage/storage.go:651.19,655.2 3 0
github.com/bianyuanop/oraclevm/storage/storage.go:662.9,665.2 2 0
github.com/bianyuanop/oraclevm/storage/storage.go:672.19,675.16 3 0
github.com/bianyuanop/oraclevm/storage/storage.go:675.16,677.3 1 0
github.com/bianyuanop/oraclevm/storage/storage.go:678.2,679.16 2 0
github.com/bianyuanop/oraclevm/storage/storage.go:679.16,687.3 1 0
github.com/bianyuanop/oraclevm/storage/storage.go:688.2,688.43 1 0
github.com/bianyuanop/oraclevm/storage/storage.go:696.19,699.16 3 0
github.com/bianyuanop/oraclevm/storage/storage.go:699.16,701.3 1 0
github.com/bianyuanop/oraclevm/storage/storage.go:702.2,703.16 2 0
github.com/bianyuanop/oraclevm/storage/storage.go:703.16,711.3 1 0
github.com/bianyuanop/oraclevm/storage/storage.go:712.2,712.15 1 0
github.com/bianyuanop/oraclevm/storage/storage.go:712.15,716.3 1 0
github.com/bianyuanop/oraclevm/storage/storage.go:717.2,717.43 1 0
github.com/bianyuanop/oraclevm/storage/storage.go:724.19,729.2 4 0
github.com/bianyuanop/oraclevm/storage/storage.go:736.82,744.2 7 0
github.com/bianyuanop/oraclevm/storage/storage.go:752.32,755.16 3 0
github.com/bianyuanop/oraclevm/storage/storage.go:755.16,757.3 1 0
github.com/bianyuanop/oraclevm/storage/storage.go:758.2,758.13 1 0
github.com/bianyuanop/oraclevm/storage/storage.go:758.13,760.3 1 0
github.com/bianyuanop/oraclevm/storage/storage.go:761.2,761.46 1 0
github.com/bianyuanop/oraclevm/storage/storage.go:771.9,774.16 3 0
github.com/bianyuanop/oraclevm/storage/storage.go:774.16,776.3 1 0
github.com/bianyuanop/oraclevm/storage/storage.go:777.2,777.37 1 0
github.com/bianyuanop/oraclevm/storage/storage.go:787.9,790.16 3 0
github.com/bianyuanop/oraclevm/storage/storage.go:790.16,792.3 1 0
github.com/bianyuanop/oraclevm/storage/storage.go:793.2,794.13 2 0
github.com/bianyuanop/oraclevm/storage/storage.go:794.13,796.3 1 0
github.com/bianyuanop/oraclevm/storage/storage.go:796.8,798.17 2 0
github.com/bianyuanop/oraclevm/storage/storage.go:798.17,800.4 1 0
github.com/bianyuanop/oraclevm/storage/storage.go:803.2,803.72 1 0
github.com/bianyuanop/oraclevm/storage/storage.go:803.72,805.3 1 0
github.com/bianyuanop/oraclevm/storage/storage.go:806.2,806.22 1 0
github.com/bianyuanop/oraclevm/storage/storage.go:806.22,808.3 1 0
github.com/bianyuanop/oraclevm/storage/storage.go:810.2,812.16 3 0
github.com/bianyuanop/oraclevm/storage/storage.go:812.16,814.3 1 0
github.com/bianyuanop/oraclevm/storage/storage.go:815.2,815.37 1 0
github.com/bianyuanop/oraclevm/storage/storage.go:825.30,828.16 3 0
github.com/bianyuanop/oraclevm/storage/storage.go:828.16,830.3 1 0
github.com/bianyuanop/oraclevm/storage/storage.go:831.2,831.13 1 0
github.com/bianyuanop/oraclevm/storage/storage.go:831.13,833.3 1 0
github.com/bianyuanop/oraclevm/storage/storage.go:834.2,835.16 2 0
github.com/bianyuanop/oraclevm/storage/storage.go:835.16,837.3 1 0
github.com/bianyuanop/oraclevm/storage/storage.go:838.2,838.72 1 0
github.com/bianyuanop/oraclevm/storage/storage.go:838.72,840.3 1 0
github.com/bianyuanop/oraclevm/storage/storage.go:841.2,841.22 1 0
github.com/bianyuanop/oraclevm/storage/storage.go:841.22,843.3 1 0
github.com/bianyuanop/oraclevm/storage/storage.go:845.2,848.16 4 0
github.com/bianyuanop/oraclevm/storage/storage.go:848.16,850.3 1 0
github.com/bianyuanop/oraclevm/storage/storage.go:851.2,851.50 1 0
github.com/bianyuanop/oraclevm/storage/storage.go:860.19,865.2 4 0
github.com/bianyuanop/oraclevm/actions/appeal_feed.go:34.38,36.2 1 0
github.com/bianyuanop/oraclevm/actions/appeal_feed.go:38.75,45.2 1 0
github.com/bianyuanop/oraclevm/actions/appeal_feed.go:54.24,56.16 2 2
github.com/bianyuanop/oraclevm/actions/appeal_feed.go:56.16,58.3 1 0
github.com/bianyuanop/oraclevm/actions/appeal_feed.go:60.2,60.31 1 2
github.com/bianyuanop/oraclevm/actions/appeal_feed.go:60.31,62.3 1 0
github.com/bianyuanop/oraclevm/actions/appeal_feed.go:64.2,65.16 2 2
github.com/bianyuanop/oraclevm/actions/appeal_feed.go:65.16,67.3 1 0
github.com/bianyuanop/oraclevm/actions/appeal_feed.go:68.2,69.16 2 2
github.com/bianyuanop/oraclevm/actions/appeal_feed.go:69.16,71.3 1 0
github.com/bianyuanop/oraclevm/actions/appeal_feed.go:74.2,75.16 2 2
github.com/bianyuanop/oraclevm/actions/appeal_feed.go:75.16,77.3 1 0
github.com/bianyuanop/oraclevm/actions/appeal_feed.go:79.2,79.93 1 2
github.com/bianyuanop/oraclevm/actions/appeal_feed.go:79.93,81.3 1 0
github.com/bianyuanop/oraclevm/actions/appeal_feed.go:84.2,85.16 2 2
github.com/bianyuanop/oraclevm/actions/appeal_feed.go:85.16,87.3 1 0
github.com/bianyuanop/oraclevm/actions/appeal_feed.go:88.2,90.17 1 2
github.com/bianyuanop/oraclevm/actions/appeal_feed.go:90.17,92.3 1 0
github.com/bianyuanop/oraclevm/actions/appeal_feed.go:94.2,94.82 1 2
github.com/bianyuanop/oraclevm/actions/appeal_feed.go:94.82,96.3 1 0
github.com/bianyuanop/oraclevm/actions/appeal_feed.go:98.2,101.8 1 2
github.com/bianyuanop/oraclevm/actions/appeal_feed.go:104.53,106.2 1 0
github.com/bianyuanop/oraclevm/actions/appeal_feed.go:108.59,111.2 1 0
github.com/bianyuanop/oraclevm/actions/appeal_feed.go:120.44,122.2 1 0
github.com/bianyuanop/oraclevm/actions/appeal_feed.go:125.46,127.2 1 0
github.com/bianyuanop/oraclevm/actions/bribe_feed.go:46.37,48.2 1 0
github.com/bianyuanop/oraclevm/actions/bribe_feed.go:50.74,56.2 1 0
github.com/bianyuanop/oraclevm/actions/bribe_feed.go:65.24,67.19 1 2
github.com/bianyuanop/oraclevm/actions/bribe_feed.go:68.19,70.17 2 1
github.com/bianyuanop/oraclevm/actions/bribe_feed.go:70.17,72.4 1 0
github.com/bianyuanop/oraclevm/actions/bribe_feed.go:74.3,74.39 1 1
github.com/bianyuanop/oraclevm/actions/bribe_feed.go:74.39,76.4 1 0
github.com/bianyuanop/oraclevm/actions/bribe_feed.go:78.3,78.79 1 1
github.com/bianyuanop/oraclevm/actions/bribe_feed.go:78.79,80.4 1 0
github.com/bianyuanop/oraclevm/actions/bribe_feed.go:82.3,82.99 1 1
github.com/bianyuanop/oraclevm/actions/bribe_feed.go:82.99,84.4 1 0
github.com/bianyuanop/oraclevm/actions/bribe_feed.go:85.3,90.9 1 1
github.com/bianyuanop/oraclevm/actions/bribe_feed.go:91.19,93.17 2 1
github.com/bianyuanop/oraclevm/actions/bribe_feed.go:93.17,95.4 1 0
github.com/bianyuanop/oraclevm/actions/bribe_feed.go:96.3,96.77 1 1
github.com/bianyuanop/oraclevm/actions/bribe_feed.go:96.77,98.4 1 0
github.com/bianyuanop/oraclevm/actions/bribe_feed.go:99.3,104.9 1 1
github.com/bianyuanop/oraclevm/actions/bribe_feed.go:105.10,106.38 1 0
github.com/bianyuanop/oraclevm/actions/bribe_feed.go:110.52,112.2 1 0
github.com/bianyuanop/oraclevm/actions/bribe_feed.go:114.58,117.2 1 0
github.com/bianyuanop/oraclevm/actions/bribe_feed.go:128.43,130.2 1 0
github.com/bianyuanop/oraclevm/actions/deposit_feed.go:35.39,37.2 1 0
github.com/bianyuanop/oraclevm/actions/deposit_feed.go:39.76,45.2 1 0
github.com/bianyuanop/oraclevm/actions/deposit_feed.go:54.24,56.16 2 3
github.com/bianyuanop/oraclevm/actions/deposit_feed.go:56.16,58.3 1 0
github.com/bianyuanop/oraclevm/actions/deposit_feed.go:60.2,60.24 1 3
github.com/bianyuanop/oraclevm/actions/deposit_feed.go:60.24,62.3 1 1
github.com/bianyuanop/oraclevm/actions/deposit_feed.go:64.2,64.73 1 2
github.com/bianyuanop/oraclevm/actions/deposit_feed.go:64.73,65.83 1 1
github.com/bianyuanop/oraclevm/actions/deposit_feed.go:65.83,67.4 1 1
github.com/bianyuanop/oraclevm/actions/deposit_feed.go:68.3,68.18 1 0
github.com/bianyuanop/oraclevm/actions/deposit_feed.go:71.2,71.85 1 1
github.com/bianyuanop/oraclevm/actions/deposit_feed.go:71.85,73.3 1 0
github.com/bianyuanop/oraclevm/actions/deposit_feed.go:75.2,79.8 1 1
github.com/bianyuanop/oraclevm/actions/deposit_feed.go:82.54,84.2 1 0
github.com/bianyuanop/oraclevm/actions/deposit_feed.go:86.60,89.2 1 0
github.com/bianyuanop/oraclevm/actions/deposit_feed.go:99.45,101.2 1 0
github.com/bianyuanop/oraclevm/actions/fund_feed.go:24.36,26.2 1 0
github.com/bianyuanop/oraclevm/actions/fund_feed.go:28.73,33.2 1 0
github.com/bianyuanop/oraclevm/actions/fund_feed.go:42.24,44.16 2 2
github.com/bianyuanop/oraclevm/actions/fund_feed.go:44.16,46.3 1 0
github.com/bianyuanop/oraclevm/actions/fund_feed.go:47.2,47.53 1 2
github.com/bianyuanop/oraclevm/actions/fund_feed.go:47.53,49.3 1 1
github.com/bianyuanop/oraclevm/actions/fund_feed.go:52.2,52.73 1 1
github.com/bianyuanop/oraclevm/actions/fund_feed.go:52.73,54.3 1 0
github.com/bianyuanop/oraclevm/actions/fund_feed.go:55.2,56.16 2 1
github.com/bianyuanop/oraclevm/actions/fund_feed.go:56.16,58.3 1 0
github.com/bianyuanop/oraclevm/actions/fund_feed.go:59.2,59.93 1 1
github.com/bianyuanop/oraclevm/actions/fund_feed.go:59.93,61.3 1 0
github.com/bianyuanop/oraclevm/actions/fund_feed.go:63.2,66.8 1 1
github.com/bianyuanop/oraclevm/actions/fund_feed.go:69.51,71.2 1 0
github.com/bianyuanop/oraclevm/actions/fund_feed.go:73.57,76.2 1 0
github.com/bianyuanop/oraclevm/actions/fund_feed.go:85.42,87.2 1 0
github.com/bianyuanop/oraclevm/actions/register_feed.go:48.40,50.2 1 0
github.com/bianyuanop/oraclevm/actions/register_feed.go:52.77,58.2 1 0
github.com/bianyuanop/oraclevm/actions/register_feed.go:67.24,69.16 2 3
github.com/bianyuanop/oraclevm/actions/register_feed.go:69.16,71.3 1 0
github.com/bianyuanop/oraclevm/actions/register_feed.go:73.2,73.34 1 3
github.com/bianyuanop/oraclevm/actions/register_feed.go:73.34,75.3 1 1
github.com/bianyuanop/oraclevm/actions/register_feed.go:77.2,77.36 1 2
github.com/bianyuanop/oraclevm/actions/register_feed.go:77.36,79.3 1 0
github.com/bianyuanop/oraclevm/actions/register_feed.go:81.2,82.16 2 2
github.com/bianyuanop/oraclevm/actions/register_feed.go:82.16,84.3 1 0
github.com/bianyuanop/oraclevm/actions/register_feed.go:87.2,87.67 1 2
github.com/bianyuanop/oraclevm/actions/register_feed.go:87.67,89.3 1 0
github.com/bianyuanop/oraclevm/actions/register_feed.go:90.2,90.57 1 2
github.com/bianyuanop/oraclevm/actions/register_feed.go:90.57,92.3 1 0
github.com/bianyuanop/oraclevm/actions/register_feed.go:94.2,94.85 1 2
github.com/bianyuanop/oraclevm/actions/register_feed.go:94.85,96.3 1 0
github.com/bianyuanop/oraclevm/actions/register_feed.go:97.2,97.94 1 2
github.com/bianyuanop/oraclevm/actions/register_feed.go:97.94,99.3 1 0
github.com/bianyuanop/oraclevm/actions/register_feed.go:101.2,103.8 1 2
github.com/bianyuanop/oraclevm/actions/register_feed.go:106.55,108.2 1 0
github.com/bianyuanop/oraclevm/actions/register_feed.go:110.61,113.2 1 0
github.com/bianyuanop/oraclevm/actions/register_feed.go:121.46,123.2 1 0
github.com/bianyuanop/oraclevm/actions/register_feed.go:125.51,127.2 1 13
github.com/bianyuanop/oraclevm/actions/register_feed.go:130.55,132.49 2 7
github.com/bianyuanop/oraclevm/actions/register_feed.go:132.49,134.3 1 0
github.com/bianyuanop/oraclevm/actions/register_feed.go:135.2,135.17 1 7
github.com/bianyuanop/oraclevm/actions/report_feed.go:42.38,44.2 1 0
github.com/bianyuanop/oraclevm/actions/report_feed.go:47.75,56.2 1 0
github.com/bianyuanop/oraclevm/actions/report_feed.go:65.24,67.16 2 6
github.com/bianyuanop/oraclevm/actions/report_feed.go:67.16,69.3 1 0
github.com/bianyuanop/oraclevm/actions/report_feed.go:70.2,70.24 1 6
github.com/bianyuanop/oraclevm/actions/report_feed.go:70.24,72.3 1 1
github.com/bianyuanop/oraclevm/actions/report_feed.go:74.2,75.16 2 5
github.com/bianyuanop/oraclevm/actions/report_feed.go:75.16,77.3 1 0
github.com/bianyuanop/oraclevm/actions/report_feed.go:79.2,80.16 2 5
github.com/bianyuanop/oraclevm/actions/report_feed.go:80.16,82.3 1 0
github.com/bianyuanop/oraclevm/actions/report_feed.go:85.2,85.22 1 5
github.com/bianyuanop/oraclevm/actions/report_feed.go:85.22,92.77 2 4
github.com/bianyuanop/oraclevm/actions/report_feed.go:92.77,94.4 1 0
github.com/bianyuanop/oraclevm/actions/report_feed.go:97.2,97.39 1 5
github.com/bianyuanop/oraclevm/actions/report_feed.go:97.39,99.3 1 0
github.com/bianyuanop/oraclevm/actions/report_feed.go:101.2,102.16 2 5
github.com/bianyuanop/oraclevm/actions/report_feed.go:102.16,104.3 1 0
github.com/bianyuanop/oraclevm/actions/report_feed.go:106.2,106.35 1 5
github.com/bianyuanop/oraclevm/actions/report_feed.go:106.35,108.3 1 0
github.com/bianyuanop/oraclevm/actions/report_feed.go:111.2,111.35 1 5
github.com/bianyuanop/oraclevm/actions/report_feed.go:111.35,120.17 6 1
github.com/bianyuanop/oraclevm/actions/report_feed.go:120.17,122.4 1 0
github.com/bianyuanop/oraclevm/actions/report_feed.go:124.3,125.17 2 1
github.com/bianyuanop/oraclevm/actions/report_feed.go:125.17,127.4 1 0
github.com/bianyuanop/oraclevm/actions/report_feed.go:130.3,130.38 1 1
github.com/bianyuanop/oraclevm/actions/report_feed.go:130.38,132.18 2 120
github.com/bianyuanop/oraclevm/actions/report_feed.go:132.18,134.5 1 0
github.com/bianyuanop/oraclevm/actions/report_feed.go:135.4,136.18 2 120
github.com/bianyuanop/oraclevm/actions/report_feed.go:136.18,138.5 1 0
github.com/bianyuanop/oraclevm/actions/report_feed.go:139.4,139.51 1 120
github.com/bianyuanop/oraclevm/actions/report_feed.go:139.51,141.5 1 0
github.com/bianyuanop/oraclevm/actions/report_feed.go:142.4,142.39 1 120
github.com/bianyuanop/oraclevm/actions/report_feed.go:146.3,148.38 2 1
github.com/bianyuanop/oraclevm/actions/report_feed.go:148.38,151.18 3 120
github.com/bianyuanop/oraclevm/actions/report_feed.go:151.18,153.5 1 0
github.com/bianyuanop/oraclevm/actions/report_feed.go:154.4,154.18 1 120
github.com/bianyuanop/oraclevm/actions/report_feed.go:154.18,156.5 1 100
github.com/bianyuanop/oraclevm/actions/report_feed.go:156.10,158.5 1 20
github.com/bianyuanop/oraclevm/actions/report_feed.go:162.3,165.100 3 1
github.com/bianyuanop/oraclevm/actions/report_feed.go:165.100,167.4 1 0
github.com/bianyuanop/oraclevm/actions/report_feed.go:169.3,169.43 1 1
github.com/bianyuanop/oraclevm/actions/report_feed.go:169.43,171.18 2 20
github.com/bianyuanop/oraclevm/actions/report_feed.go:171.18,173.5 1 0
github.com/bianyuanop/oraclevm/actions/report_feed.go:174.4,174.26 1 20
github.com/bianyuanop/oraclevm/actions/report_feed.go:177.3,177.40 1 1
github.com/bianyuanop/oraclevm/actions/report_feed.go:177.40,179.75 2 101
github.com/bianyuanop/oraclevm/actions/report_feed.go:179.75,181.5 1 0
github.com/bianyuanop/oraclevm/actions/report_feed.go:182.4,182.25 1 101
github.com/bianyuanop/oraclevm/actions/report_feed.go:185.3,185.51 1 1
github.com/bianyuanop/oraclevm/actions/report_feed.go:185.51,187.18 2 1
github.com/bianyuanop/oraclevm/actions/report_feed.go:187.18,189.5 1 0
github.com/bianyuanop/oraclevm/actions/report_feed.go:192.3,198.80 2 1
github.com/bianyuanop/oraclevm/actions/report_feed.go:198.80,200.4 1 0
github.com/bianyuanop/oraclevm/actions/report_feed.go:203.3,204.17 2 1
github.com/bianyuanop/oraclevm/actions/report_feed.go:204.17,206.4 1 0
github.com/bianyuanop/oraclevm/actions/report_feed.go:207.3,207.97 1 1
github.com/bianyuanop/oraclevm/actions/report_feed.go:207.97,209.4 1 0
github.com/bianyuanop/oraclevm/actions/report_feed.go:211.3,216.9 1 1
github.com/bianyuanop/oraclevm/actions/report_feed.go:219.2,220.16 2 4
github.com/bianyuanop/oraclevm/actions/report_feed.go:220.16,222.3 1 0
github.com/bianyuanop/oraclevm/actions/report_feed.go:225.2,226.16 2 4
github.com/bianyuanop/oraclevm/actions/report_feed.go:226.16,228.3 1 0
github.com/bianyuanop/oraclevm/actions/report_feed.go:230.2,230.39 1 4
github.com/bianyuanop/oraclevm/actions/report_feed.go:230.39,232.17 2 122
github.com/bianyuanop/oraclevm/actions/report_feed.go:232.17,234.4 1 0
github.com/bianyuanop/oraclevm/actions/report_feed.go:236.3,237.17 2 122
github.com/bianyuanop/oraclevm/actions/report_feed.go:237.17,239.4 1 0
github.com/bianyuanop/oraclevm/actions/report_feed.go:241.3,241.50 1 122
github.com/bianyuanop/oraclevm/actions/report_feed.go:241.50,243.4 1 0
github.com/bianyuanop/oraclevm/actions/report_feed.go:247.2,248.16 2 4
github.com/bianyuanop/oraclevm/actions/report_feed.go:248.16,250.3 1 0
github.com/bianyuanop/oraclevm/actions/report_feed.go:251.2,251.53 1 4
github.com/bianyuanop/oraclevm/actions/report_feed.go:251.53,253.3 1 0
github.com/bianyuanop/oraclevm/actions/report_feed.go:257.2,262.16 4 4
github.com/bianyuanop/oraclevm/actions/report_feed.go:262.16,264.3 1 0
github.com/bianyuanop/oraclevm/actions/report_feed.go:266.2,266.93 1 4
github.com/bianyuanop/oraclevm/actions/report_feed.go:266.93,268.3 1 0
github.com/bianyuanop/oraclevm/actions/report_feed.go:271.2,272.16 2 4
github.com/bianyuanop/oraclevm/actions/report_feed.go:272.16,274.3 1 0
github.com/bianyuanop/oraclevm/actions/report_feed.go:277.2,279.31 3 4
github.com/bianyuanop/oraclevm/actions/report_feed.go:279.31,280.41 1 1
github.com/bianyuanop/oraclevm/actions/report_feed.go:280.41,282.18 2 1
github.com/bianyuanop/oraclevm/actions/report_feed.go:282.18,284.5 1 0
github.com/bianyuanop/oraclevm/actions/report_feed.go:285.4,286.12 2 1
github.com/bianyuanop/oraclevm/actions/report_feed.go:288.3,288.39 1 0
github.com/bianyuanop/oraclevm/actions/report_feed.go:290.2,290.100 1 4
github.com/bianyuanop/oraclevm/actions/report_feed.go:290.100,292.3 1 0
github.com/bianyuanop/oraclevm/actions/report_feed.go:295.2,296.98 2 4
github.com/bianyuanop/oraclevm/actions/report_feed.go:296.98,298.3 1 0
github.com/bianyuanop/oraclevm/actions/report_feed.go:299.2,300.16 2 4
github.com/bianyuanop/oraclevm/actions/report_feed.go:300.16,302.3 1 0
github.com/bianyuanop/oraclevm/actions/report_feed.go:304.2,309.8 1 4
github.com/bianyuanop/oraclevm/actions/report_feed.go:312.53,314.2 1 0
github.com/bianyuanop/oraclevm/actions/report_feed.go:316.59,319.2 1 0
github.com/bianyuanop/oraclevm/actions/report_feed.go:332.44,334.2 1 0
github.com/bianyuanop/oraclevm/actions/report_feed.go:337.46,339.2 1 0
github.com/bianyuanop/oraclevm/actions/transfer.go:42.36,44.2 1 0
github.com/bianyuanop/oraclevm/actions/transfer.go:46.72,51.2 1 0
github.com/bianyuanop/oraclevm/actions/transfer.go:60.24,61.18 1 8
github.com/bianyuanop/oraclevm/actions/transfer.go:61.18,63.3 1 1
github.com/bianyuanop/oraclevm/actions/transfer.go:64.2,64.31 1 7
github.com/bianyuanop/oraclevm/actions/transfer.go:64.31,66.3 1 0
github.com/bianyuanop/oraclevm/actions/transfer.go:67.2,68.16 2 7
github.com/bianyuanop/oraclevm/actions/transfer.go:68.16,70.3 1 3
github.com/bianyuanop/oraclevm/actions/transfer.go:71.2,72.16 2 4
github.com/bianyuanop/oraclevm/actions/transfer.go:72.16,74.3 1 0
github.com/bianyuanop/oraclevm/actions/transfer.go:76.2,79.8 1 4
github.com/bianyuanop/oraclevm/actions/transfer.go:82.51,84.2 1 0
github.com/bianyuanop/oraclevm/actions/transfer.go:86.57,89.2 1 0
github.com/bianyuanop/oraclevm/actions/transfer.go:98.42,100.2 1 0
github.com/bianyuanop/oraclevm/common/types.go:15.53,18.2 2 2
github.com/bianyuanop/oraclevm/common/types.go:20.64,23.20 3 2
github.com/bianyuanop/oraclevm/common/types.go:23.20,25.3 1 0
github.com/bianyuanop/oraclevm/common/types.go:26.2,26.18 1 2
github.com/bianyuanop/oraclevm/common/types.go:39.35,41.2 1 7
github.com/bianyuanop/oraclevm/common/types.go:44.94,45.61 1 2
github.com/bianyuanop/oraclevm/common/types.go:45.61,47.3 1 0
github.com/bianyuanop/oraclevm/common/types.go:47.5,49.3 1 0
github.com/bianyuanop/oraclevm/common/types.go:51.2,54.22 3 2
github.com/bianyuanop/oraclevm/common/types.go:54.22,56.3 1 1
github.com/bianyuanop/oraclevm/common/types.go:57.2,58.12 2 2
github.com/bianyuanop/oraclevm/common/types.go:61.47,69.35 8 12
github.com/bianyuanop/oraclevm/common/types.go:69.35,70.43 1 2
github.com/bianyuanop/oraclevm/common/types.go:70.43,72.4 1 0
github.com/bianyuanop/oraclevm/common/types.go:75.2,75.27 1 12
github.com/bianyuanop/oraclevm/common/types.go:78.57,86.39 8 7
github.com/bianyuanop/oraclevm/common/types.go:86.39,88.17 2 2
github.com/bianyuanop/oraclevm/common/types.go:88.17,90.4 1 0
github.com/bianyuanop/oraclevm/common/types.go:91.3,91.36 1 2
github.com/bianyuanop/oraclevm/common/types.go:94.2,94.20 1 7
github.com/bianyuanop/oraclevm/common/types.go:94.20,96.3 1 0
github.com/bianyuanop/oraclevm/common/types.go:98.2,104.8 1 7
github.com/bianyuanop/oraclevm/common/types.go:113.52,117.20 4 3
github.com/bianyuanop/oraclevm/common/types.go:117.20,119.3 1 0
github.com/bianyuanop/oraclevm/common/types.go:120.2,120.12 1 3
github.com/bianyuanop/oraclevm/common/types.go:123.62,128.32 5 3
github.com/bianyuanop/oraclevm/common/types.go:128.32,130.3 1 0
github.com/bianyuanop/oraclevm/common/types.go:131.2,131.17 1 3
github.com/bianyuanop/oraclevm/common/types.go:134.65,137.27 3 8
github.com/bianyuanop/oraclevm/common/types.go:137.27,138.38 1 3
github.com/bianyuanop/oraclevm/common/types.go:138.38,140.4 1 0
github.com/bianyuanop/oraclevm/common/types.go:142.2,142.32 1 8
github.com/bianyuanop/oraclevm/common/types.go:142.32,144.3 1 0
github.com/bianyuanop/oraclevm/common/types.go:145.2,145.23 1 8
github.com/bianyuanop/oraclevm/common/types.go:148.64,151.32 3 4
github.com/bianyuanop/oraclevm/common/types.go:151.32,153.3 1 0
github.com/bianyuanop/oraclevm/common/types.go:155.2,156.38 2 4
github.com/bianyuanop/oraclevm/common/types.go:156.38,158.17 2 3
github.com/bianyuanop/oraclevm/common/types.go:158.17,160.4 1 0
github.com/bianyuanop/oraclevm/common/types.go:161.3,161.26 1 3
github.com/bianyuanop/oraclevm/common/types.go:163.2,163.17 1 4
github.com/bianyuanop/oraclevm/common/utils.go:8.61,11.29 3 7
github.com/bianyuanop/oraclevm/common/utils.go:11.29,13.3 1 368
github.com/bianyuanop/oraclevm/common/utils.go:15.2,15.27 1 7
github.com/bianyuanop/oraclevm/common/utils.go:18.59,22.37 4 8
github.com/bianyuanop/oraclevm/common/utils.go:22.37,26.3 3 488
github.com/bianyuanop/oraclevm/common/utils.go:28.2,28.21 1 8
github.com/bianyuanop/oraclevm/consts/consts.go:22.13,26.16 4 1
github.com/bianyuanop/oraclevm/consts/consts.go:26.16,27.13 1 0
github.com/bianyuanop/oraclevm/consts/consts.go:29.2,29.11 1 1
github.com/bianyuanop/oraclevm/programs/binary_aggregator.go:18.36,22.2 1 246
github.com/bianyuanop/oraclevm/programs/binary_aggregator.go:24.51,25.19 1 246
github.com/bianyuanop/oraclevm/programs/binary_aggregator.go:25.19,27.3 1 0
github.com/bianyuanop/oraclevm/programs/binary_aggregator.go:29.2,31.12 3 246
github.com/bianyuanop/oraclevm/programs/binary_aggregator.go:34.49,38.2 3 5
github.com/bianyuanop/oraclevm/programs/binary_aggregator.go:40.75,42.9 2 366
github.com/bianyuanop/oraclevm/programs/binary_aggregator.go:42.9,44.3 1 0
github.com/bianyuanop/oraclevm/programs/binary_aggregator.go:45.2,45.26 1 366
github.com/bianyuanop/oraclevm/programs/binary_aggregator.go:45.26,47.3 1 0
github.com/bianyuanop/oraclevm/programs/binary_aggregator.go:49.2,49.21 1 366
github.com/bianyuanop/oraclevm/programs/binary_aggregator.go:60.46,66.2 1 5
github.com/bianyuanop/oraclevm/programs/binary_aggregator.go:68.71,70.16 2 246
github.com/bianyuanop/oraclevm/programs/binary_aggregator.go:70.16,72.3 1 0
github.com/bianyuanop/oraclevm/programs/binary_aggregator.go:74.2,75.12 2 246
github.com/bianyuanop/oraclevm/programs/binary_aggregator.go:78.50,79.27 1 5
github.com/bianyuanop/oraclevm/programs/binary_aggregator.go:79.27,81.3 1 0
github.com/bianyuanop/oraclevm/programs/binary_aggregator.go:83.2,84.37 2 5
github.com/bianyuanop/oraclevm/programs/binary_aggregator.go:84.37,86.3 1 246
github.com/bianyuanop/oraclevm/programs/binary_aggregator.go:88.2,91.12 4 5
github.com/bianyuanop/oraclevm/programs/binary_aggregator.go:91.12,92.43 1 3
github.com/bianyuanop/oraclevm/programs/binary_aggregator.go:92.43,96.4 2 0
github.com/bianyuanop/oraclevm/programs/binary_aggregator.go:99.2,101.34 3 5
github.com/bianyuanop/oraclevm/programs/binary_aggregator.go:101.34,102.27 1 9
github.com/bianyuanop/oraclevm/programs/binary_aggregator.go:102.27,105.4 2 1
github.com/bianyuanop/oraclevm/programs/binary_aggregator.go:108.2,110.3 1 5
github.com/bianyuanop/oraclevm/programs/binary_aggregator.go:113.55,115.2 1 5
github.com/bianyuanop/oraclevm/programs/binary_aggregator.go:117.77,119.16 2 120
github.com/bianyuanop/oraclevm/programs/binary_aggregator.go:119.16,121.3 1 0
github.com/bianyuanop/oraclevm/programs/binary_aggregator.go:123.2,123.72 1 120
github.com/bianyuanop/oraclevm/programs/binary_aggregator.go:126.49,128.2 1 0
github.com/bianyuanop/oraclevm/programs/program.go:12.73,13.19 1 246
github.com/bianyuanop/oraclevm/programs/program.go:14.33,16.43 2 246
github.com/bianyuanop/oraclevm/programs/program.go:16.43,18.4 1 0
github.com/bianyuanop/oraclevm/programs/program.go:19.3,19.19 1 246
github.com/bianyuanop/oraclevm/programs/program.go:20.10,21.59 1 0
github.com/bianyuanop/oraclevm/programs/program.go:35.58,36.19 1 5
github.com/bianyuanop/oraclevm/programs/program.go:37.33,38.36 1 5
github.com/bianyuanop/oraclevm/programs/program.go:39.10,40.59 1 0
